<?xml version="1.0" encoding="UTF-8"?>
<!-- Generated by org.testng.reporters.JUnitReportReporter -->
<testsuite hostname="LTIN209057" failures="0" tests="2" name="test_case.TC002" time="78.427" errors="0" timestamp="2024-02-28T17:41:24 IST" skipped="0">
  <testcase classname="test_case.TC002" name="searching" time="74.194"/>
  <testcase classname="test_case.TC002" name="getLangLvl" time="4.233"/>
</testsuite> <!-- test_case.TC002 -->
