<?xml version="1.0" encoding="UTF-8"?>
<!-- Generated by org.testng.reporters.JUnitReportReporter -->
<testsuite hostname="LTIN209057" failures="0" tests="4" name="test_case.TC001" time="126.026" errors="0" timestamp="2024-02-28T17:41:24 IST" skipped="0">
  <testcase classname="test_case.TC001" name="searching" time="35.867"/>
  <testcase classname="test_case.TC001" name="clicking" time="0.869"/>
  <testcase classname="test_case.TC001" name="course1" time="52.330"/>
  <testcase classname="test_case.TC001" name="course2" time="36.960"/>
</testsuite> <!-- test_case.TC001 -->
